[INFO] Logger initialized
Function: Logger::Init
Function: D:\Coding\C++\ProjectVendetta\Source\Helpers\Logger\Logger.cpp
Line: 34
[INFO] Free physical storage: 667526Mb
Function: MachineRead::FreeStorage
Function: D:\Coding\C++\ProjectVendetta\Source\Helpers\Functions.cpp
Line: 96
[INFO] Available Virtual Memory: 131067Gb
Function: MachineRead::FreeVirtualMemory
Function: D:\Coding\C++\ProjectVendetta\Source\Helpers\Functions.cpp
Line: 80
[INFO] Available Physical RAM: 6Gb
Function: MachineRead::FreePhysicalRAM
Function: D:\Coding\C++\ProjectVendetta\Source\Helpers\Functions.cpp
Line: 72
[INFO] CPU Speed: 2808MHz
Function: MachineRead::CPUSpeed
Function: D:\Coding\C++\ProjectVendetta\Source\Helpers\Functions.cpp
Line: 57
[INFO] Default Resource Loader registered
Function: ResourceCache::Init
Function: D:\Coding\C++\ProjectVendetta\Source\ApplicationLayer\Modules\ResourceCache\ResourceCache.cpp
Line: 29
[INFO] loading Strings\English.xml from the zip file
Function: ResourceCache::GetData
Function: D:\Coding\C++\ProjectVendetta\Source\ApplicationLayer\Modules\ResourceCache\ResourceCache.cpp
Line: 276
[INFO] 22 strings loaded from Strings\English.xml
Function: GameApp::LoadStrings
Function: D:\Coding\C++\ProjectVendetta\Source\ApplicationLayer\GameApp.cpp
Line: 300
[Events] EventManager instantiated
Function: EventManager::GetInstance
Function: D:\Coding\C++\ProjectVendetta\Source\ApplicationLayer\Modules\EventSystem\EventManager.cpp
Line: 11
